9:27:35 PM  [main] 	Initializing Control Panel
9:27:35 PM  [main] 	Windows Version:  Enterprise  64-bit
9:27:35 PM  [main] 	XAMPP Version: 8.2.4
9:27:35 PM  [main] 	Control Panel Version: 3.3.0  [ Compiled: Apr 6th 2021 ]
9:27:35 PM  [main] 	You are not running with administrator rights! This will work for
9:27:35 PM  [main] 	most application stuff but whenever you do something with services
9:27:35 PM  [main] 	there will be a security dialogue or things will break! So think 
9:27:35 PM  [main] 	about running this application with administrator rights!
9:27:35 PM  [main] 	XAMPP Installation Directory: "d:\xampp\"
9:27:35 PM  [main] 	Checking for prerequisites
9:27:36 PM  [main] 	All prerequisites found
9:27:36 PM  [main] 	Initializing Modules
9:27:36 PM  [main] 	Starting Check-Timer
9:27:36 PM  [main] 	Control Panel Ready
9:27:37 PM  [Apache] 	Attempting to start Apache app...
9:27:38 PM  [Apache] 	Status change detected: running
9:27:38 PM  [mysql] 	Attempting to start MySQL app...
9:27:39 PM  [mysql] 	Status change detected: running
9:27:39 PM  [Apache] 	Attempting to stop Apache (PID: 19152)
9:27:39 PM  [Apache] 	Attempting to stop Apache (PID: 6960)
9:27:40 PM  [Apache] 	Status change detected: stopped
9:27:43 PM  [mysql] 	Attempting to stop MySQL app...
9:27:43 PM  [mysql] 	Status change detected: stopped
9:27:48 PM  [main] 	Deinitializing Modules
9:27:48 PM  [main] 	Deinitializing Control Panel

9:49:05  [main] 	Initializing Control Panel
9:49:05  [main] 	Windows Version:  Enterprise  64-bit
9:49:05  [main] 	XAMPP Version: 8.2.4
9:49:05  [main] 	Control Panel Version: 3.3.0  [ Compiled: Apr 6th 2021 ]
9:49:05  [main] 	You are not running with administrator rights! This will work for
9:49:05  [main] 	most application stuff but whenever you do something with services
9:49:05  [main] 	there will be a security dialogue or things will break! So think 
9:49:05  [main] 	about running this application with administrator rights!
9:49:05  [main] 	XAMPP Installation Directory: "d:\xampp\"
9:49:05  [main] 	Checking for prerequisites
9:49:06  [main] 	All prerequisites found
9:49:06  [main] 	Initializing Modules
9:49:06  [Tomcat] 	Problem detected!
9:49:06  [Tomcat] 	Port 8005 in use by "Unable to open process"!
9:49:06  [Tomcat] 	Tomcat WILL NOT start without the configured ports free!
9:49:06  [Tomcat] 	You need to uninstall/disable/reconfigure the blocking application
9:49:06  [Tomcat] 	or reconfigure Tomcat and the Control Panel to listen on a different port
9:49:06  [main] 	Starting Check-Timer
9:49:06  [main] 	Control Panel Ready
9:49:19  [Apache] 	Attempting to start Apache app...
9:49:19  [Apache] 	Status change detected: running
9:49:27  [mysql] 	Attempting to start MySQL app...
9:49:27  [mysql] 	Status change detected: running
12:32:31  [mysql] 	Attempting to stop MySQL app...
12:32:32  [mysql] 	Status change detected: stopped
12:32:34  [Apache] 	Attempting to stop Apache (PID: 11220)
12:32:34  [Apache] 	Attempting to stop Apache (PID: 5932)
12:32:35  [Apache] 	Status change detected: stopped
12:32:39  [main] 	Deinitializing Modules
12:32:39  [main] 	Deinitializing Control Panel

10:14:38  [main] 	Initializing Control Panel
10:14:38  [main] 	Windows Version:  Enterprise  64-bit
10:14:38  [main] 	XAMPP Version: 8.2.4
10:14:38  [main] 	Control Panel Version: 3.3.0  [ Compiled: Apr 6th 2021 ]
10:14:38  [main] 	You are not running with administrator rights! This will work for
10:14:38  [main] 	most application stuff but whenever you do something with services
10:14:38  [main] 	there will be a security dialogue or things will break! So think 
10:14:38  [main] 	about running this application with administrator rights!
10:14:38  [main] 	XAMPP Installation Directory: "d:\xampp\"
10:14:38  [main] 	Checking for prerequisites
10:14:39  [main] 	All prerequisites found
10:14:39  [main] 	Initializing Modules
10:14:39  [Tomcat] 	Problem detected!
10:14:39  [Tomcat] 	Port 8005 in use by "Unable to open process"!
10:14:39  [Tomcat] 	Tomcat WILL NOT start without the configured ports free!
10:14:39  [Tomcat] 	You need to uninstall/disable/reconfigure the blocking application
10:14:39  [Tomcat] 	or reconfigure Tomcat and the Control Panel to listen on a different port
10:14:39  [main] 	Starting Check-Timer
10:14:39  [main] 	Control Panel Ready
10:14:41  [Apache] 	Attempting to start Apache app...
10:14:42  [Apache] 	Status change detected: running
10:14:47  [mysql] 	Attempting to start MySQL app...
10:14:47  [mysql] 	Status change detected: running
12:46:12  [mysql] 	Attempting to stop MySQL app...
12:46:12  [mysql] 	Status change detected: stopped
12:46:15  [Apache] 	Attempting to stop Apache (PID: 16368)
12:46:15  [Apache] 	Attempting to stop Apache (PID: 13864)
12:46:15  [Apache] 	Status change detected: stopped
12:46:18  [main] 	Deinitializing Modules
12:46:18  [main] 	Deinitializing Control Panel

2:20:38 PM  [main] 	Initializing Control Panel
2:20:38 PM  [main] 	Windows Version:  Enterprise  64-bit
2:20:38 PM  [main] 	XAMPP Version: 8.2.4
2:20:38 PM  [main] 	Control Panel Version: 3.3.0  [ Compiled: Apr 6th 2021 ]
2:20:38 PM  [main] 	You are not running with administrator rights! This will work for
2:20:38 PM  [main] 	most application stuff but whenever you do something with services
2:20:38 PM  [main] 	there will be a security dialogue or things will break! So think 
2:20:38 PM  [main] 	about running this application with administrator rights!
2:20:38 PM  [main] 	XAMPP Installation Directory: "f:\xampp\"
2:20:38 PM  [main] 	Checking for prerequisites
2:20:38 PM  [main] 	All prerequisites found
2:20:38 PM  [main] 	Initializing Modules
2:20:38 PM  [main] 	Starting Check-Timer
2:20:38 PM  [main] 	Control Panel Ready
2:20:43 PM  [Apache] 	Attempting to start Apache app...
2:20:56 PM  [main] 	Deinitializing Modules
2:20:56 PM  [main] 	Deinitializing Control Panel

2:16:14 PM  [main] 	Initializing Control Panel
2:16:14 PM  [main] 	Windows Version:  Enterprise  64-bit
2:16:14 PM  [main] 	XAMPP Version: 8.2.4
2:16:14 PM  [main] 	Control Panel Version: 3.3.0  [ Compiled: Apr 6th 2021 ]
2:16:14 PM  [main] 	You are not running with administrator rights! This will work for
2:16:14 PM  [main] 	most application stuff but whenever you do something with services
2:16:14 PM  [main] 	there will be a security dialogue or things will break! So think 
2:16:14 PM  [main] 	about running this application with administrator rights!
2:16:14 PM  [main] 	XAMPP Installation Directory: "f:\xampp\"
2:16:14 PM  [main] 	Checking for prerequisites
2:16:14 PM  [main] 	All prerequisites found
2:16:14 PM  [main] 	Initializing Modules
2:16:14 PM  [main] 	Starting Check-Timer
2:16:14 PM  [main] 	Control Panel Ready
2:16:15 PM  [Apache] 	Attempting to start Apache app...
2:16:15 PM  [Apache] 	Status change detected: running
2:16:16 PM  [Apache] 	Status change detected: stopped
2:16:16 PM  [Apache] 	Error: Apache shutdown unexpectedly.
2:16:16 PM  [Apache] 	This may be due to a blocked port, missing dependencies, 
2:16:16 PM  [Apache] 	improper privileges, a crash, or a shutdown by another method.
2:16:16 PM  [Apache] 	Press the Logs button to view error logs and check
2:16:16 PM  [Apache] 	the Windows Event Viewer for more clues
2:16:16 PM  [Apache] 	If you need more help, copy and post this
2:16:16 PM  [Apache] 	entire log window on the forums
2:20:57 PM  [main] 	Deinitializing Modules
2:20:57 PM  [main] 	Deinitializing Control Panel

2:15:49 PM  [main] 	Initializing Control Panel
2:15:49 PM  [main] 	Windows Version:  Enterprise  64-bit
2:15:49 PM  [main] 	XAMPP Version: 8.2.4
2:15:49 PM  [main] 	Control Panel Version: 3.3.0  [ Compiled: Apr 6th 2021 ]
2:15:49 PM  [main] 	You are not running with administrator rights! This will work for
2:15:49 PM  [main] 	most application stuff but whenever you do something with services
2:15:49 PM  [main] 	there will be a security dialogue or things will break! So think 
2:15:49 PM  [main] 	about running this application with administrator rights!
2:15:49 PM  [main] 	XAMPP Installation Directory: "f:\xampp\"
2:15:49 PM  [main] 	Checking for prerequisites
2:15:49 PM  [main] 	All prerequisites found
2:15:49 PM  [main] 	Initializing Modules
2:15:49 PM  [main] 	Starting Check-Timer
2:15:49 PM  [main] 	Control Panel Ready
2:15:59 PM  [Apache] 	Attempting to start Apache app...
2:16:00 PM  [Apache] 	Status change detected: running
2:16:00 PM  [Apache] 	Status change detected: stopped
2:16:00 PM  [Apache] 	Error: Apache shutdown unexpectedly.
2:16:00 PM  [Apache] 	This may be due to a blocked port, missing dependencies, 
2:16:00 PM  [Apache] 	improper privileges, a crash, or a shutdown by another method.
2:16:00 PM  [Apache] 	Press the Logs button to view error logs and check
2:16:00 PM  [Apache] 	the Windows Event Viewer for more clues
2:16:00 PM  [Apache] 	If you need more help, copy and post this
2:16:00 PM  [Apache] 	entire log window on the forums
2:20:43 PM  [Apache] 	Status change detected: running
2:20:44 PM  [Apache] 	Status change detected: stopped
2:20:44 PM  [Apache] 	Error: Apache shutdown unexpectedly.
2:20:44 PM  [Apache] 	This may be due to a blocked port, missing dependencies, 
2:20:44 PM  [Apache] 	improper privileges, a crash, or a shutdown by another method.
2:20:44 PM  [Apache] 	Press the Logs button to view error logs and check
2:20:44 PM  [Apache] 	the Windows Event Viewer for more clues
2:20:44 PM  [Apache] 	If you need more help, copy and post this
2:20:44 PM  [Apache] 	entire log window on the forums
2:20:59 PM  [main] 	Deinitializing Modules
2:20:59 PM  [main] 	Deinitializing Control Panel

2:21:01 PM  [main] 	Initializing Control Panel
2:21:01 PM  [main] 	Windows Version:  Enterprise  64-bit
2:21:01 PM  [main] 	XAMPP Version: 8.2.4
2:21:01 PM  [main] 	Control Panel Version: 3.3.0  [ Compiled: Apr 6th 2021 ]
2:21:01 PM  [main] 	You are not running with administrator rights! This will work for
2:21:01 PM  [main] 	most application stuff but whenever you do something with services
2:21:01 PM  [main] 	there will be a security dialogue or things will break! So think 
2:21:01 PM  [main] 	about running this application with administrator rights!
2:21:01 PM  [main] 	XAMPP Installation Directory: "f:\xampp\"
2:21:01 PM  [main] 	Checking for prerequisites
2:21:01 PM  [main] 	All prerequisites found
2:21:01 PM  [main] 	Initializing Modules
2:21:01 PM  [main] 	Starting Check-Timer
2:21:01 PM  [main] 	Control Panel Ready
2:21:02 PM  [Apache] 	Attempting to start Apache app...
2:21:37 PM  [Apache] 	Attempting to start Apache app...
2:21:37 PM  [Apache] 	Status change detected: running
2:21:38 PM  [Apache] 	Status change detected: stopped
2:21:38 PM  [Apache] 	Error: Apache shutdown unexpectedly.
2:21:38 PM  [Apache] 	This may be due to a blocked port, missing dependencies, 
2:21:38 PM  [Apache] 	improper privileges, a crash, or a shutdown by another method.
2:21:38 PM  [Apache] 	Press the Logs button to view error logs and check
2:21:38 PM  [Apache] 	the Windows Event Viewer for more clues
2:21:38 PM  [Apache] 	If you need more help, copy and post this
2:21:38 PM  [Apache] 	entire log window on the forums
2:21:42 PM  [mysql] 	Attempting to start MySQL app...
2:21:43 PM  [mysql] 	Status change detected: running
2:21:43 PM  [mysql] 	Status change detected: stopped
2:21:43 PM  [mysql] 	Error: MySQL shutdown unexpectedly.
2:21:43 PM  [mysql] 	This may be due to a blocked port, missing dependencies, 
2:21:43 PM  [mysql] 	improper privileges, a crash, or a shutdown by another method.
2:21:43 PM  [mysql] 	Press the Logs button to view error logs and check
2:21:43 PM  [mysql] 	the Windows Event Viewer for more clues
2:21:43 PM  [mysql] 	If you need more help, copy and post this
2:21:43 PM  [mysql] 	entire log window on the forums
2:21:53 PM  [main] 	Deinitializing Modules
2:21:53 PM  [main] 	Deinitializing Control Panel

2:23:43 PM  [main] 	Initializing Control Panel
2:23:43 PM  [main] 	Windows Version:  Enterprise  64-bit
2:23:43 PM  [main] 	XAMPP Version: 8.2.4
2:23:43 PM  [main] 	Control Panel Version: 3.3.0  [ Compiled: Apr 6th 2021 ]
2:23:43 PM  [main] 	You are not running with administrator rights! This will work for
2:23:43 PM  [main] 	most application stuff but whenever you do something with services
2:23:43 PM  [main] 	there will be a security dialogue or things will break! So think 
2:23:43 PM  [main] 	about running this application with administrator rights!
2:23:43 PM  [main] 	XAMPP Installation Directory: "f:\xampp\"
2:23:43 PM  [main] 	Checking for prerequisites
2:23:46 PM  [main] 	All prerequisites found
2:23:46 PM  [main] 	Initializing Modules
2:23:46 PM  [main] 	Starting Check-Timer
2:23:46 PM  [main] 	Control Panel Ready
2:23:48 PM  [Apache] 	Attempting to start Apache app...
2:23:49 PM  [Apache] 	Status change detected: running
2:23:49 PM  [Apache] 	Status change detected: stopped
2:23:49 PM  [Apache] 	Error: Apache shutdown unexpectedly.
2:23:49 PM  [Apache] 	This may be due to a blocked port, missing dependencies, 
2:23:49 PM  [Apache] 	improper privileges, a crash, or a shutdown by another method.
2:23:49 PM  [Apache] 	Press the Logs button to view error logs and check
2:23:49 PM  [Apache] 	the Windows Event Viewer for more clues
2:23:49 PM  [Apache] 	If you need more help, copy and post this
2:23:49 PM  [Apache] 	entire log window on the forums
2:24:41 PM  [main] 	Deinitializing Modules
2:24:41 PM  [main] 	Deinitializing Control Panel

9:41:21  [main] 	Initializing Control Panel
9:41:21  [main] 	Windows Version:  Enterprise  64-bit
9:41:21  [main] 	XAMPP Version: 8.2.4
9:41:21  [main] 	Control Panel Version: 3.3.0  [ Compiled: Apr 6th 2021 ]
9:41:21  [main] 	You are not running with administrator rights! This will work for
9:41:21  [main] 	most application stuff but whenever you do something with services
9:41:21  [main] 	there will be a security dialogue or things will break! So think 
9:41:21  [main] 	about running this application with administrator rights!
9:41:21  [main] 	XAMPP Installation Directory: "d:\xampp\"
9:41:21  [main] 	Checking for prerequisites
9:41:22  [main] 	All prerequisites found
9:41:22  [main] 	Initializing Modules
9:41:22  [Tomcat] 	Problem detected!
9:41:22  [Tomcat] 	Port 8005 in use by "Unable to open process"!
9:41:22  [Tomcat] 	Tomcat WILL NOT start without the configured ports free!
9:41:22  [Tomcat] 	You need to uninstall/disable/reconfigure the blocking application
9:41:22  [Tomcat] 	or reconfigure Tomcat and the Control Panel to listen on a different port
9:41:22  [main] 	Starting Check-Timer
9:41:22  [main] 	Control Panel Ready
9:41:25  [Apache] 	Attempting to start Apache app...
9:41:25  [Apache] 	Status change detected: running
9:41:32  [mysql] 	Attempting to start MySQL app...
9:41:32  [mysql] 	Status change detected: running
13:09:03  [mysql] 	Attempting to stop MySQL app...
13:09:03  [mysql] 	Status change detected: stopped
13:09:04  [Apache] 	Attempting to stop Apache (PID: 10612)
13:09:04  [Apache] 	Attempting to stop Apache (PID: 3904)
13:09:04  [Apache] 	Status change detected: stopped
13:09:06  [main] 	Deinitializing Modules
13:09:06  [main] 	Deinitializing Control Panel

9:37:37  [main] 	Initializing Control Panel
9:37:37  [main] 	Windows Version:  Enterprise  64-bit
9:37:37  [main] 	XAMPP Version: 8.2.4
9:37:37  [main] 	Control Panel Version: 3.3.0  [ Compiled: Apr 6th 2021 ]
9:37:37  [main] 	You are not running with administrator rights! This will work for
9:37:37  [main] 	most application stuff but whenever you do something with services
9:37:37  [main] 	there will be a security dialogue or things will break! So think 
9:37:37  [main] 	about running this application with administrator rights!
9:37:37  [main] 	XAMPP Installation Directory: "d:\xampp\"
9:37:37  [main] 	Checking for prerequisites
9:37:38  [main] 	All prerequisites found
9:37:38  [main] 	Initializing Modules
9:37:38  [Tomcat] 	Problem detected!
9:37:38  [Tomcat] 	Port 8005 in use by "Unable to open process"!
9:37:38  [Tomcat] 	Tomcat WILL NOT start without the configured ports free!
9:37:38  [Tomcat] 	You need to uninstall/disable/reconfigure the blocking application
9:37:38  [Tomcat] 	or reconfigure Tomcat and the Control Panel to listen on a different port
9:37:38  [main] 	Starting Check-Timer
9:37:38  [main] 	Control Panel Ready
9:37:40  [Apache] 	Attempting to start Apache app...
9:37:41  [Apache] 	Status change detected: running
9:37:47  [mysql] 	Attempting to start MySQL app...
9:37:47  [mysql] 	Status change detected: running
12:37:57  [mysql] 	Attempting to stop MySQL app...
12:37:58  [mysql] 	Status change detected: stopped
12:37:59  [Apache] 	Attempting to stop Apache (PID: 9512)
12:37:59  [Apache] 	Attempting to stop Apache (PID: 9864)
12:37:59  [Apache] 	Status change detected: stopped
12:38:01  [main] 	Deinitializing Modules
12:38:01  [main] 	Deinitializing Control Panel

9:50:52  [main] 	Initializing Control Panel
9:50:52  [main] 	Windows Version:  Enterprise  64-bit
9:50:52  [main] 	XAMPP Version: 8.2.4
9:50:52  [main] 	Control Panel Version: 3.3.0  [ Compiled: Apr 6th 2021 ]
9:50:52  [main] 	You are not running with administrator rights! This will work for
9:50:52  [main] 	most application stuff but whenever you do something with services
9:50:52  [main] 	there will be a security dialogue or things will break! So think 
9:50:52  [main] 	about running this application with administrator rights!
9:50:52  [main] 	XAMPP Installation Directory: "d:\xampp\"
9:50:52  [main] 	Checking for prerequisites
9:50:54  [main] 	All prerequisites found
9:50:54  [main] 	Initializing Modules
9:50:54  [Tomcat] 	Problem detected!
9:50:54  [Tomcat] 	Port 8005 in use by "Unable to open process"!
9:50:54  [Tomcat] 	Tomcat WILL NOT start without the configured ports free!
9:50:54  [Tomcat] 	You need to uninstall/disable/reconfigure the blocking application
9:50:54  [Tomcat] 	or reconfigure Tomcat and the Control Panel to listen on a different port
9:50:54  [main] 	Starting Check-Timer
9:50:54  [main] 	Control Panel Ready
9:50:57  [Apache] 	Attempting to start Apache app...
9:50:57  [Apache] 	Status change detected: running
9:51:07  [mysql] 	Attempting to start MySQL app...
9:51:08  [mysql] 	Status change detected: running
13:05:57  [mysql] 	Attempting to stop MySQL app...
13:05:57  [mysql] 	Status change detected: stopped
13:06:01  [Apache] 	Attempting to stop Apache (PID: 16596)
13:06:01  [Apache] 	Attempting to stop Apache (PID: 9608)
13:06:02  [Apache] 	Status change detected: stopped
13:06:21  [main] 	Deinitializing Modules
13:06:21  [main] 	Deinitializing Control Panel

9:44:15  [main] 	Initializing Control Panel
9:44:15  [main] 	Windows Version:  Enterprise  64-bit
9:44:15  [main] 	XAMPP Version: 8.2.4
9:44:15  [main] 	Control Panel Version: 3.3.0  [ Compiled: Apr 6th 2021 ]
9:44:15  [main] 	You are not running with administrator rights! This will work for
9:44:15  [main] 	most application stuff but whenever you do something with services
9:44:15  [main] 	there will be a security dialogue or things will break! So think 
9:44:15  [main] 	about running this application with administrator rights!
9:44:15  [main] 	XAMPP Installation Directory: "d:\xampp\"
9:44:15  [main] 	Checking for prerequisites
9:44:17  [main] 	All prerequisites found
9:44:17  [main] 	Initializing Modules
9:44:17  [Tomcat] 	Problem detected!
9:44:17  [Tomcat] 	Port 8005 in use by "Unable to open process"!
9:44:17  [Tomcat] 	Tomcat WILL NOT start without the configured ports free!
9:44:17  [Tomcat] 	You need to uninstall/disable/reconfigure the blocking application
9:44:17  [Tomcat] 	or reconfigure Tomcat and the Control Panel to listen on a different port
9:44:17  [main] 	Starting Check-Timer
9:44:17  [main] 	Control Panel Ready
9:44:20  [Apache] 	Attempting to start Apache app...
9:44:21  [Apache] 	Status change detected: running
9:44:26  [mysql] 	Attempting to start MySQL app...
9:44:26  [mysql] 	Status change detected: running
12:05:56  [mysql] 	Attempting to stop MySQL app...
12:05:56  [mysql] 	Status change detected: stopped
12:05:57  [Apache] 	Attempting to stop Apache (PID: 836)
12:05:57  [Apache] 	Attempting to stop Apache (PID: 10232)
12:05:58  [Apache] 	Status change detected: stopped
12:05:59  [main] 	Deinitializing Modules
12:05:59  [main] 	Deinitializing Control Panel

7:55:46 PM  [main] 	Initializing Control Panel
7:55:46 PM  [main] 	Windows Version:  Enterprise  64-bit
7:55:46 PM  [main] 	XAMPP Version: 8.2.4
7:55:46 PM  [main] 	Control Panel Version: 3.3.0  [ Compiled: Apr 6th 2021 ]
7:55:46 PM  [main] 	You are not running with administrator rights! This will work for
7:55:46 PM  [main] 	most application stuff but whenever you do something with services
7:55:46 PM  [main] 	there will be a security dialogue or things will break! So think 
7:55:46 PM  [main] 	about running this application with administrator rights!
7:55:46 PM  [main] 	XAMPP Installation Directory: "d:\xampp\"
7:55:47 PM  [main] 	Checking for prerequisites
7:55:49 PM  [main] 	All prerequisites found
7:55:49 PM  [main] 	Initializing Modules
7:55:49 PM  [main] 	Starting Check-Timer
7:55:49 PM  [main] 	Control Panel Ready
7:55:51 PM  [Apache] 	Attempting to start Apache app...
7:55:51 PM  [Apache] 	Status change detected: running
7:56:01 PM  [mysql] 	Attempting to start MySQL app...
7:56:02 PM  [mysql] 	Status change detected: running
7:57:39 PM  [mysql] 	Attempting to stop MySQL app...
7:57:39 PM  [mysql] 	Status change detected: stopped
7:57:40 PM  [Apache] 	Attempting to stop Apache (PID: 13992)
7:57:40 PM  [Apache] 	Attempting to stop Apache (PID: 5212)
7:57:40 PM  [Apache] 	Status change detected: stopped
7:57:41 PM  [main] 	Deinitializing Modules
7:57:41 PM  [main] 	Deinitializing Control Panel

9:38:51  [main] 	Initializing Control Panel
9:38:51  [main] 	Windows Version:  Enterprise  64-bit
9:38:51  [main] 	XAMPP Version: 8.2.4
9:38:51  [main] 	Control Panel Version: 3.3.0  [ Compiled: Apr 6th 2021 ]
9:38:51  [main] 	You are not running with administrator rights! This will work for
9:38:51  [main] 	most application stuff but whenever you do something with services
9:38:51  [main] 	there will be a security dialogue or things will break! So think 
9:38:51  [main] 	about running this application with administrator rights!
9:38:51  [main] 	XAMPP Installation Directory: "d:\xampp\"
9:38:51  [main] 	Checking for prerequisites
9:38:53  [main] 	All prerequisites found
9:38:53  [main] 	Initializing Modules
9:38:53  [Tomcat] 	Problem detected!
9:38:53  [Tomcat] 	Port 8005 in use by "Unable to open process"!
9:38:53  [Tomcat] 	Tomcat WILL NOT start without the configured ports free!
9:38:53  [Tomcat] 	You need to uninstall/disable/reconfigure the blocking application
9:38:53  [Tomcat] 	or reconfigure Tomcat and the Control Panel to listen on a different port
9:38:53  [main] 	Starting Check-Timer
9:38:53  [main] 	Control Panel Ready
9:38:56  [Apache] 	Attempting to start Apache app...
9:38:56  [Apache] 	Status change detected: running
9:39:01  [mysql] 	Attempting to start MySQL app...
9:39:01  [mysql] 	Status change detected: running
12:56:55  [mysql] 	Attempting to stop MySQL app...
12:56:55  [mysql] 	Status change detected: stopped
12:56:56  [Apache] 	Attempting to stop Apache (PID: 16036)
12:56:56  [Apache] 	Attempting to stop Apache (PID: 16108)
12:56:57  [Apache] 	Status change detected: stopped
12:57:13  [main] 	Deinitializing Modules
12:57:13  [main] 	Deinitializing Control Panel

19:13:50  [main] 	Initializing Control Panel
19:13:50  [main] 	Windows Version:  Enterprise  64-bit
19:13:50  [main] 	XAMPP Version: 8.2.4
19:13:50  [main] 	Control Panel Version: 3.3.0  [ Compiled: Apr 6th 2021 ]
19:13:50  [main] 	You are not running with administrator rights! This will work for
19:13:50  [main] 	most application stuff but whenever you do something with services
19:13:50  [main] 	there will be a security dialogue or things will break! So think 
19:13:50  [main] 	about running this application with administrator rights!
19:13:50  [main] 	XAMPP Installation Directory: "d:\xampp\"
19:13:50  [main] 	Checking for prerequisites
19:13:53  [main] 	All prerequisites found
19:13:53  [main] 	Initializing Modules
19:13:53  [main] 	Starting Check-Timer
19:13:53  [main] 	Control Panel Ready
19:13:56  [Apache] 	Attempting to start Apache app...
19:13:57  [Apache] 	Status change detected: running
19:14:03  [mysql] 	Attempting to start MySQL app...
19:14:04  [mysql] 	Status change detected: running
20:53:37  [Apache] 	Attempting to stop Apache (PID: 8272)
20:53:37  [Apache] 	Attempting to stop Apache (PID: 23824)
20:53:37  [Apache] 	Status change detected: stopped
20:53:39  [mysql] 	Attempting to stop MySQL app...
20:53:39  [mysql] 	Status change detected: stopped
20:53:50  [main] 	Deinitializing Modules
20:53:50  [main] 	Deinitializing Control Panel

3:29:35 PM  [main] 	Initializing Control Panel
3:29:35 PM  [main] 	Windows Version:  Enterprise  64-bit
3:29:35 PM  [main] 	XAMPP Version: 8.2.4
3:29:35 PM  [main] 	Control Panel Version: 3.3.0  [ Compiled: Apr 6th 2021 ]
3:29:35 PM  [main] 	You are not running with administrator rights! This will work for
3:29:35 PM  [main] 	most application stuff but whenever you do something with services
3:29:35 PM  [main] 	there will be a security dialogue or things will break! So think 
3:29:35 PM  [main] 	about running this application with administrator rights!
3:29:35 PM  [main] 	XAMPP Installation Directory: "d:\phpproject\"
3:29:35 PM  [main] 	Checking for prerequisites
3:29:35 PM  [main] 	All prerequisites found
3:29:35 PM  [main] 	Initializing Modules
3:29:35 PM  [Apache] 	Problem detected!
3:29:35 PM  [Apache] 	Port 80 in use by "Unable to get info" with PID 7792!
3:29:35 PM  [Apache] 	Apache WILL NOT start without the configured ports free!
3:29:35 PM  [Apache] 	You need to uninstall/disable/reconfigure the blocking application
3:29:35 PM  [Apache] 	or reconfigure Apache and the Control Panel to listen on a different port
3:29:35 PM  [Apache] 	Problem detected!
3:29:35 PM  [Apache] 	Port 443 in use by "Unable to get info" with PID 7792!
3:29:35 PM  [Apache] 	Apache WILL NOT start without the configured ports free!
3:29:35 PM  [Apache] 	You need to uninstall/disable/reconfigure the blocking application
3:29:35 PM  [Apache] 	or reconfigure Apache and the Control Panel to listen on a different port
3:29:35 PM  [mysql] 	Problem detected!
3:29:35 PM  [mysql] 	Port 3306 in use by "Unable to get info"!
3:29:35 PM  [mysql] 	MySQL WILL NOT start without the configured ports free!
3:29:35 PM  [mysql] 	You need to uninstall/disable/reconfigure the blocking application
3:29:35 PM  [mysql] 	or reconfigure MySQL and the Control Panel to listen on a different port
3:29:35 PM  [main] 	Starting Check-Timer
3:29:35 PM  [main] 	Control Panel Ready
3:29:45 PM  [Apache] 	Problem detected!
3:29:45 PM  [Apache] 	Port 80 in use by "Unable to get info" with PID 7792!
3:29:45 PM  [Apache] 	Apache WILL NOT start without the configured ports free!
3:29:45 PM  [Apache] 	You need to uninstall/disable/reconfigure the blocking application
3:29:45 PM  [Apache] 	or reconfigure Apache and the Control Panel to listen on a different port
3:29:46 PM  [Apache] 	Problem detected!
3:29:46 PM  [Apache] 	Port 443 in use by "Unable to get info" with PID 7792!
3:29:46 PM  [Apache] 	Apache WILL NOT start without the configured ports free!
3:29:46 PM  [Apache] 	You need to uninstall/disable/reconfigure the blocking application
3:29:46 PM  [Apache] 	or reconfigure Apache and the Control Panel to listen on a different port
3:29:46 PM  [Apache] 	Attempting to start Apache app...
3:29:46 PM  [Apache] 	Status change detected: running
3:29:47 PM  [Apache] 	Status change detected: stopped
3:29:47 PM  [Apache] 	Error: Apache shutdown unexpectedly.
3:29:47 PM  [Apache] 	This may be due to a blocked port, missing dependencies, 
3:29:47 PM  [Apache] 	improper privileges, a crash, or a shutdown by another method.
3:29:47 PM  [Apache] 	Press the Logs button to view error logs and check
3:29:47 PM  [Apache] 	the Windows Event Viewer for more clues
3:29:47 PM  [Apache] 	If you need more help, copy and post this
3:29:47 PM  [Apache] 	entire log window on the forums
3:30:04 PM  [main] 	Deinitializing Modules
3:30:04 PM  [main] 	Deinitializing Control Panel

3:31:39 PM  [main] 	Initializing Control Panel
3:31:39 PM  [main] 	Windows Version:  Enterprise  64-bit
3:31:39 PM  [main] 	XAMPP Version: 8.2.4
3:31:39 PM  [main] 	Control Panel Version: 3.3.0  [ Compiled: Apr 6th 2021 ]
3:31:39 PM  [main] 	You are not running with administrator rights! This will work for
3:31:39 PM  [main] 	most application stuff but whenever you do something with services
3:31:39 PM  [main] 	there will be a security dialogue or things will break! So think 
3:31:39 PM  [main] 	about running this application with administrator rights!
3:31:39 PM  [main] 	XAMPP Installation Directory: "d:\phpproject\"
3:31:39 PM  [main] 	Checking for prerequisites
3:31:41 PM  [main] 	All prerequisites found
3:31:41 PM  [main] 	Initializing Modules
3:31:41 PM  [main] 	Starting Check-Timer
3:31:41 PM  [main] 	Control Panel Ready
3:31:45 PM  [Apache] 	Attempting to start Apache app...
3:31:45 PM  [Apache] 	Status change detected: running
3:31:45 PM  [Apache] 	Status change detected: stopped
3:31:45 PM  [Apache] 	Error: Apache shutdown unexpectedly.
3:31:45 PM  [Apache] 	This may be due to a blocked port, missing dependencies, 
3:31:45 PM  [Apache] 	improper privileges, a crash, or a shutdown by another method.
3:31:45 PM  [Apache] 	Press the Logs button to view error logs and check
3:31:45 PM  [Apache] 	the Windows Event Viewer for more clues
3:31:45 PM  [Apache] 	If you need more help, copy and post this
3:31:45 PM  [Apache] 	entire log window on the forums
3:31:53 PM  [Apache] 	Attempting to start Apache app...
3:31:57 PM  [main] 	Deinitializing Modules
3:31:57 PM  [main] 	Deinitializing Control Panel

3:32:00 PM  [main] 	Initializing Control Panel
3:32:00 PM  [main] 	Windows Version:  Enterprise  64-bit
3:32:00 PM  [main] 	XAMPP Version: 8.2.4
3:32:00 PM  [main] 	Control Panel Version: 3.3.0  [ Compiled: Apr 6th 2021 ]
3:32:00 PM  [main] 	You are not running with administrator rights! This will work for
3:32:00 PM  [main] 	most application stuff but whenever you do something with services
3:32:00 PM  [main] 	there will be a security dialogue or things will break! So think 
3:32:00 PM  [main] 	about running this application with administrator rights!
3:32:00 PM  [main] 	XAMPP Installation Directory: "d:\phpproject\"
3:32:00 PM  [main] 	Checking for prerequisites
3:32:00 PM  [main] 	All prerequisites found
3:32:00 PM  [main] 	Initializing Modules
3:32:00 PM  [main] 	Starting Check-Timer
3:32:00 PM  [main] 	Control Panel Ready
3:32:01 PM  [Apache] 	Attempting to start Apache app...
3:32:17 PM  [main] 	Deinitializing Modules
3:32:17 PM  [main] 	Deinitializing Control Panel

4:05:36 PM  [main] 	Initializing Control Panel
4:05:36 PM  [main] 	Windows Version:  Enterprise  64-bit
4:05:36 PM  [main] 	XAMPP Version: 8.2.4
4:05:36 PM  [main] 	Control Panel Version: 3.3.0  [ Compiled: Apr 6th 2021 ]
4:05:36 PM  [main] 	You are not running with administrator rights! This will work for
4:05:36 PM  [main] 	most application stuff but whenever you do something with services
4:05:36 PM  [main] 	there will be a security dialogue or things will break! So think 
4:05:36 PM  [main] 	about running this application with administrator rights!
4:05:36 PM  [main] 	XAMPP Installation Directory: "d:\xampp\"
4:05:36 PM  [main] 	Checking for prerequisites
4:05:36 PM  [main] 	All prerequisites found
4:05:36 PM  [main] 	Initializing Modules
4:05:36 PM  [main] 	Starting Check-Timer
4:05:36 PM  [main] 	Control Panel Ready
4:05:39 PM  [Apache] 	Attempting to start Apache app...
4:05:40 PM  [Apache] 	Status change detected: running
4:05:46 PM  [mysql] 	Attempting to start MySQL app...
4:05:47 PM  [mysql] 	Status change detected: running
4:07:45 PM  [mysql] 	Attempting to stop MySQL app...
4:07:46 PM  [mysql] 	Status change detected: stopped
4:07:47 PM  [Apache] 	Attempting to stop Apache (PID: 12240)
4:07:47 PM  [Apache] 	Attempting to stop Apache (PID: 4044)
4:07:47 PM  [Apache] 	Status change detected: stopped
4:07:48 PM  [main] 	Deinitializing Modules
4:07:48 PM  [main] 	Deinitializing Control Panel

3:55:57 PM  [main] 	Initializing Control Panel
3:55:57 PM  [main] 	Windows Version:  Enterprise  64-bit
3:55:57 PM  [main] 	XAMPP Version: 8.2.4
3:55:57 PM  [main] 	Control Panel Version: 3.3.0  [ Compiled: Apr 6th 2021 ]
3:55:57 PM  [main] 	You are not running with administrator rights! This will work for
3:55:57 PM  [main] 	most application stuff but whenever you do something with services
3:55:57 PM  [main] 	there will be a security dialogue or things will break! So think 
3:55:57 PM  [main] 	about running this application with administrator rights!
3:55:57 PM  [main] 	XAMPP Installation Directory: "d:\xampp\"
3:55:57 PM  [main] 	Checking for prerequisites
3:55:58 PM  [main] 	All prerequisites found
3:55:58 PM  [main] 	Initializing Modules
3:55:58 PM  [main] 	Starting Check-Timer
3:55:58 PM  [main] 	Control Panel Ready
3:56:01 PM  [Apache] 	Attempting to start Apache app...
3:56:01 PM  [Apache] 	Status change detected: running
3:56:04 PM  [mysql] 	Attempting to start MySQL app...
3:56:05 PM  [mysql] 	Status change detected: running
5:15:04 PM  [Apache] 	Attempting to stop Apache (PID: 9024)
5:15:04 PM  [Apache] 	Attempting to stop Apache (PID: 3384)
5:15:04 PM  [Apache] 	Status change detected: stopped
5:15:05 PM  [mysql] 	Attempting to stop MySQL app...
5:15:05 PM  [mysql] 	Status change detected: stopped
5:15:06 PM  [main] 	Deinitializing Modules
5:15:06 PM  [main] 	Deinitializing Control Panel

6:44:52 PM  [main] 	Initializing Control Panel
6:44:52 PM  [main] 	Windows Version:  Enterprise  64-bit
6:44:52 PM  [main] 	XAMPP Version: 8.2.4
6:44:52 PM  [main] 	Control Panel Version: 3.3.0  [ Compiled: Apr 6th 2021 ]
6:44:52 PM  [main] 	You are not running with administrator rights! This will work for
6:44:52 PM  [main] 	most application stuff but whenever you do something with services
6:44:52 PM  [main] 	there will be a security dialogue or things will break! So think 
6:44:52 PM  [main] 	about running this application with administrator rights!
6:44:52 PM  [main] 	XAMPP Installation Directory: "d:\xampp\"
6:44:52 PM  [main] 	Checking for prerequisites
6:44:53 PM  [main] 	All prerequisites found
6:44:53 PM  [main] 	Initializing Modules
6:44:53 PM  [main] 	Starting Check-Timer
6:44:53 PM  [main] 	Control Panel Ready
6:44:54 PM  [Apache] 	Attempting to start Apache app...
6:44:54 PM  [Apache] 	Status change detected: running
6:45:01 PM  [mysql] 	Attempting to start MySQL app...
6:45:02 PM  [mysql] 	Status change detected: running
9:30:32 PM  [mysql] 	Attempting to stop MySQL app...
9:30:32 PM  [mysql] 	Status change detected: stopped
9:30:33 PM  [Apache] 	Attempting to stop Apache (PID: 16308)
9:30:33 PM  [Apache] 	Attempting to stop Apache (PID: 14276)
9:30:33 PM  [Apache] 	Status change detected: stopped
9:30:34 PM  [main] 	Deinitializing Modules
9:30:34 PM  [main] 	Deinitializing Control Panel

