2023-12-02T13:26:23+00:00 CRITICAL Uncaught Error: Call to a member function set() on null in D:\xampp\htdocs\wordpress\wp-includes\query.php:76
Stack trace:
#0 D:\xampp\htdocs\wordpress\wp-content\plugins\user-submitted-posts\user-submitted-posts.php(726): set_query_var('meta_key', 'is_submission')
#1 D:\xampp\htdocs\wordpress\wp-includes\class-wp-hook.php(324): usp_addSubmittedStatusClause(Object(WP_Query))
#2 D:\xampp\htdocs\wordpress\wp-includes\class-wp-hook.php(348): WP_Hook->apply_filters('', Array)
#3 D:\xampp\htdocs\wordpress\wp-includes\plugin.php(565): WP_Hook->do_action(Array)
#4 D:\xampp\htdocs\wordpress\wp-includes\class-wp-query.php(1140): do_action_ref_array('parse_query', Array)
#5 D:\xampp\htdocs\wordpress\wp-includes\class-wp-query.php(1868): WP_Query->parse_query()
#6 D:\xampp\htdocs\wordpress\wp-includes\class-wp-query.php(3824): WP_Query->get_posts()
#7 D:\xampp\htdocs\wordpress\wp-includes\class-wp-query.php(3956): WP_Query->query(Array)
#8 D:\xampp\htdocs\wordpress\wp-content\plugins\woocommerce\packages\woocommerce-blocks\src\Utils\BlockTemplateUtils.php(753): WP_Query->__construct(Array)
#9 D:\xampp\htdocs\wordpress\wp-content\plugins\woocommerce\packages\woocommerce-blocks\src\Utils\CartCheckoutUtils.php(17): Automattic\WooCommerce\Blocks\Utils\BlockTemplateUtils::get_block_templates_from_db(Array, 'wp_template')
#10 D:\xampp\htdocs\wordpress\wp-content\plugins\woocommerce\packages\woocommerce-blocks\src\Domain\Services\Notices.php(45): Automattic\WooCommerce\Blocks\Utils\CartCheckoutUtils::is_cart_block_default()
#11 D:\xampp\htdocs\wordpress\wp-content\plugins\woocommerce\packages\woocommerce-blocks\src\Domain\Bootstrap.php(162): Automattic\WooCommerce\Blocks\Domain\Services\Notices->init()
#12 D:\xampp\htdocs\wordpress\wp-content\plugins\woocommerce\packages\woocommerce-blocks\src\Domain\Bootstrap.php(82): Automattic\WooCommerce\Blocks\Domain\Bootstrap->init()
#13 D:\xampp\htdocs\wordpress\wp-content\plugins\woocommerce\packages\woocommerce-blocks\src\Package.php(124): Automattic\WooCommerce\Blocks\Domain\Bootstrap->__construct(Object(Automattic\WooCommerce\Blocks\Registry\Container))
#14 D:\xampp\htdocs\wordpress\wp-content\plugins\woocommerce\packages\woocommerce-blocks\src\Registry\AbstractDependencyType.php(42): Automattic\WooCommerce\Blocks\Package::Automattic\WooCommerce\Blocks\{closure}(Object(Automattic\WooCommerce\Blocks\Registry\Container))
#15 D:\xampp\htdocs\wordpress\wp-content\plugins\woocommerce\packages\woocommerce-blocks\src\Registry\SharedType.php(28): Automattic\WooCommerce\Blocks\Registry\AbstractDependencyType->resolve_value(Object(Automattic\WooCommerce\Blocks\Registry\Container))
#16 D:\xampp\htdocs\wordpress\wp-content\plugins\woocommerce\packages\woocommerce-blocks\src\Registry\Container.php(96): Automattic\WooCommerce\Blocks\Registry\SharedType->get(Object(Automattic\WooCommerce\Blocks\Registry\Container))
#17 D:\xampp\htdocs\wordpress\wp-content\plugins\woocommerce\packages\woocommerce-blocks\src\Package.php(44): Automattic\WooCommerce\Blocks\Registry\Container->get('Automattic\\WooC...')
#18 [internal function]: Automattic\WooCommerce\Blocks\Package::init()
#19 D:\xampp\htdocs\wordpress\wp-content\plugins\woocommerce\src\Packages.php(71): call_user_func(Array)
#20 D:\xampp\htdocs\wordpress\wp-content\plugins\woocommerce\src\Packages.php(44): Automattic\WooCommerce\Packages::load_packages()
#21 D:\xampp\htdocs\wordpress\wp-includes\class-wp-hook.php(324): Automattic\WooCommerce\Packages::on_init('')
#22 D:\xampp\htdocs\wordpress\wp-includes\class-wp-hook.php(348): WP_Hook->apply_filters(NULL, Array)
#23 D:\xampp\htdocs\wordpress\wp-includes\plugin.php(517): WP_Hook->do_action(Array)
#24 D:\xampp\htdocs\wordpress\wp-settings.php(506): do_action('plugins_loaded')
#25 D:\xampp\htdocs\wordpress\wp-config.php(82): require_once('D:\\xampp\\htdocs...')
#26 D:\xampp\htdocs\wordpress\wp-load.php(50): require_once('D:\\xampp\\htdocs...')
#27 D:\xampp\htdocs\wordpress\wp-admin\admin.php(34): require_once('D:\\xampp\\htdocs...')
#28 D:\xampp\htdocs\wordpress\wp-admin\edit.php(10): require_once('D:\\xampp\\htdocs...')
#29 {main}
  thrown in D:\xampp\htdocs\wordpress\wp-includes\query.php on line 76

